Tue Jun 02 10:29:44 CEST 2015 : Server di rete Apache Derby: 10.10.2.0 - (1582446) avviato e pronto ad accettare connessioni sulla porta 1527
----------------------------------------------------------------
Tue Jun 02 10:29:54 CEST 2015:
Avvio della versione di Derby The Apache Software Foundation - Apache Derby - 10.10.2.0 - (1582446): istanza a816c00e-014d-b363-ebde-000029ed818f
sulla directory di database C:\Users\SashaAlexandru\Desktop\t\stageAlex\semtt con caricatore classi sun.misc.Launcher$AppClassLoader@610455d6 
Caricato da file:/C:/Users/SashaAlexandru/GlassFish_Server/javadb/lib/derby.jar
java.vendor=Oracle Corporation
java.runtime.version=1.8.0_25-b18
user.dir=C:\Users\SashaAlexandru\Desktop\t\stageAlex
os.name=Windows 8.1
os.arch=amd64
os.version=6.3
derby.system.home=C:\Users\SashaAlexandru\Desktop\t\stageAlex
Programma di caricamento classe database avviato - derby.database.classpath=''
----------------------------------------------------------------
Tue Jun 02 10:31:32 CEST 2015: arresto in corso del motore di Derby
----------------------------------------------------------------
Tue Jun 02 10:31:32 CEST 2015:
Arresto dell'istanza a816c00e-014d-b363-ebde-000029ed818f nella directory del database C:\Users\SashaAlexandru\Desktop\t\stageAlex\semtt con il caricatore di classi sun.misc.Launcher$AppClassLoader@610455d6 
----------------------------------------------------------------
